Removed Pin From Net: NetName=GND Pin=C7-1
Removed Pin From Net: NetName=GND Pin=C8-1
Removed Pin From Net: NetName=TX Pin=P2-1
Removed Pin From Net: NetName=TX Pin=P2-2
Removed Pin From Net: NetName=RX Pin=P2-3
Removed Pin From Net: NetName=RX Pin=P2-4
Removed Pin From Net: NetName=GND Pin=P2-5
Removed Pin From Net: NetName=GND Pin=P2-6
Removed Pin From Net: NetName=RX Pin=R1-2
Removed Pin From Net: NetName=RX Pin=R6-1
Removed Pin From Net: NetName=GND Pin=R17-2
Removed Pin From Net: NetName=RX Pin=U2-4
Removed Pin From Net: NetName=TX Pin=U4-2
Removed Pin From Net: NetName=GND Pin=U6-2
Add Component: Footprint Not Found 0805
Add Component: Footprint Not Found 0603
Add Component: Footprint Not Found 0603
Add Component: Footprint Not Found 0603
Add Component: Footprint Not Found 0603
Added Component: Designator=U16(SOT-23-OT5_N)
Add component (AddParameter): Name = "Code_IPC"; Value = "SOT23-5"; VariantName = "[No Variations]"
Add component (AddParameter): Name = "ComponentLink1Description"; Value = "Datasheet"; VariantName = "[No Variations]"
Add component (AddParameter): Name = "ComponentLink1URL"; Value = "http://ww1.microchip.com/downloads/en/DeviceDoc/21711J.pdf"; VariantName = "[No Variations]"
Add component (AddParameter): Name = "ComponentLink2Description"; Value = "Packaging Specification"; VariantName = "[No Variations]"
Add component (AddParameter): Name = "ComponentLink2URL"; Value = "http://www.microchip.com/stellent/groups/techpub_sg/documents/packagingspec/en012702.pdf"; VariantName = "[No Variations]"
Add component (AddParameter): Name = "ComponentLink3Description"; Value = "Microchip.com Home"; VariantName = "[No Variations]"
Add component (AddParameter): Name = "ComponentLink3URL"; Value = "http://www.microchip.com/"; VariantName = "[No Variations]"
Add component (AddParameter): Name = "DatasheetVersion"; Value = "revJ, Jan-2009"; VariantName = "[No Variations]"
Add component (AddParameter): Name = "PackageDescription"; Value = "5-Lead Plastic Small Outline Transistor (OT) [SOT-23]"; VariantName = "[No Variations]"
Add component (AddParameter): Name = "PackageReference"; Value = "SOT-23-OT5"; VariantName = "[No Variations]"
Add component (AddParameter): Name = "PackageVersion"; Value = "revBB, Aug-2009"; VariantName = "[No Variations]"
Add component (AddParameter): Name = "Published"; Value = "29-Jan-2009"; VariantName = "[No Variations]"
Add component (AddParameter): Name = "Publisher"; Value = "Altium Limited"; VariantName = "[No Variations]"
Add component (AddParameter): Name = "Supplier 1"; Value = "Digi-Key"; VariantName = "[No Variations]"
Add component (AddParameter): Name = "Supplier 2"; Value = "Digi-Key"; VariantName = "[No Variations]"
Add component (AddParameter): Name = "Supplier 3"; Value = "Digi-Key"; VariantName = "[No Variations]"
Add component (AddParameter): Name = "Supplier 4"; Value = "Farnell"; VariantName = "[No Variations]"
Add component (AddParameter): Name = "Supplier Part Number 1"; Value = "24AA01T-I/OTTR-ND"; VariantName = "[No Variations]"
Add component (AddParameter): Name = "Supplier Part Number 2"; Value = "24AA01T-I/OTCT-ND"; VariantName = "[No Variations]"
Add component (AddParameter): Name = "Supplier Part Number 3"; Value = "24AA01T-I/OTDKR-ND"; VariantName = "[No Variations]"
Add component (AddParameter): Name = "Supplier Part Number 4"; Value = "1331269"; VariantName = "[No Variations]"
Add Pin To Net: Unknown Pin: Pin C24-1
Add Pin To Net: Unknown Pin: Pin C24-2
Add Pin To Net: Unknown Pin: Pin C25-1
Add Pin To Net: Unknown Pin: Pin C25-2
Add Pin To Net: Unknown Pin: Pin C26-1
Add Pin To Net: Unknown Pin: Pin C26-2
Add Pin To Net: Unknown Pin: Pin C27-1
Add Pin To Net: Unknown Pin: Pin C27-2
Add Pin To Net: Unknown Pin: Pin C28-1
Add Pin To Net: Unknown Pin: Pin C28-2
Added Pin To Net: NetName=I2C1_SCL Pin=U16-1
Added Pin To Net: NetName=GND Pin=U16-2
Added Pin To Net: NetName=I2C1_SDA Pin=U16-3
Added Pin To Net: NetName=3V3 Pin=U16-4
Added Pin To Net: NetName=GND Pin=U16-5
Change Net Name : Old Net Name=+12 New Net Name=+12V
Added Pin To Net: NetName=GND2 Pin=C7-1
Added Pin To Net: NetName=GND2 Pin=C8-1
Added Pin To Net: NetName=GND2 Pin=P2-5
Added Pin To Net: NetName=GND2 Pin=P2-6
Added Pin To Net: NetName=GND2 Pin=R17-2
Added Pin To Net: NetName=GND2 Pin=U6-2
Added Net: Name=GND2
Added Pin To Net: NetName=RX2 Pin=P2-3
Added Pin To Net: NetName=RX2 Pin=P2-4
Added Pin To Net: NetName=RX2 Pin=R1-2
Added Pin To Net: NetName=RX2 Pin=R6-1
Added Pin To Net: NetName=RX2 Pin=U2-4
Added Net: Name=RX2
Added Pin To Net: NetName=TX2 Pin=P2-1
Added Pin To Net: NetName=TX2 Pin=P2-2
Added Pin To Net: NetName=TX2 Pin=U4-2
Added Net: Name=TX2
Add Class Member: Failed to add class member : Component C24 4u7
Add Class Member: Failed to add class member : Component C25 100nF
Add Class Member: Failed to add class member : Component C26 100nF
Add Class Member: Failed to add class member : Component C27 1uF
Add Class Member: Failed to add class member : Component C28 10nF
Added Member To Class: ClassName=DE-180824_1 Member=Component U16 24AA01T-I/OT
Added Rule: Name=Schematic Supply Nets_10
Added Rule: Name=Schematic Supply Nets_11
